This file contains any messages produced by compilers while
running configure, to aid debugging if configure makes a mistake.

It was created by configure, which was
generated by GNU Autoconf 2.65.  Invocation command line was

  $ ./configure --enable-shared=no

## --------- ##
## Platform. ##
## --------- ##

hostname = beast.local
uname -m = i386
uname -r = 10.5.0
uname -s = Darwin
uname -v = Darwin Kernel Version 10.5.0: Fri Nov  5 23:20:39 PDT 2010; root:xnu-1504.9.17~1/RELEASE_I386

/usr/bin/uname -p = i386
/bin/uname -X     = unknown

/bin/arch              = unknown
/usr/bin/arch -k       = unknown
/usr/convex/getsysinfo = unknown
/usr/bin/hostinfo      = Mach kernel version:
	 Darwin Kernel Version 10.5.0: Fri Nov  5 23:20:39 PDT 2010; root:xnu-1504.9.17~1/RELEASE_I386
Kernel configured for up to 4 processors.
2 processors are physically available.
4 processors are logically available.
Processor type: i486 (Intel 80486)
Processors active: 0 1 2 3
Primary memory available: 4.00 gigabytes
Default processor set: 140 tasks, 577 threads, 4 processors
Load average: 1.30, Mach factor: 2.72
/bin/machine           = unknown
/usr/bin/oslevel       = unknown
/bin/universe          = unknown

PATH: /Users/luke/.rvm/gems/ree-1.8.7-2010.02/bin
PATH: /Users/luke/.rvm/gems/ree-1.8.7-2010.02@global/bin
PATH: /Users/luke/.rvm/rubies/ree-1.8.7-2010.02/bin
PATH: /Users/luke/.rvm/bin
PATH: /Users/luke/.gem/ruby/1.8/bin
PATH: /usr/local/bin
PATH: /Users/luke/.bin
PATH: /usr/bin
PATH: /bin
PATH: /usr/sbin
PATH: /sbin
PATH: /usr/local/bin
PATH: /usr/X11/bin
PATH: /Users/luke/.rip/active/bin


## ----------- ##
## Core tests. ##
## ----------- ##

configure:2736: checking build system type
configure:2750: result: i686-apple-darwin10.5.0
configure:2770: checking host system type
configure:2783: result: i686-apple-darwin10.5.0
configure:2803: checking target system type
configure:2816: result: i686-apple-darwin10.5.0
configure:3010: checking for gcc
configure:3037: result: gcc
configure:3266: checking for C compiler version
configure:3275: gcc --version >&5
i686-apple-darwin10-gcc-4.2.1 (GCC) 4.2.1 (Apple Inc. build 5666) (dot 3)
Copyright (C) 2007 Free Software Foundation, Inc.
This is free software; see the source for copying conditions.  There is NO
warranty; not even for MERCHANTABILITY or FITNESS FOR A PARTICULAR PURPOSE.

configure:3286: $? = 0
configure:3275: gcc -v >&5
Using built-in specs.
Target: i686-apple-darwin10
Configured with: /var/tmp/gcc/gcc-5666.3~11/src/configure --disable-checking --enable-werror --prefix=/usr --mandir=/share/man --enable-languages=c,objc,c++,obj-c++ --program-transform-name=/^[cg][^.-]*$/s/$/-4.2/ --with-slibdir=/usr/lib --build=i686-apple-darwin10 --program-prefix=i686-apple-darwin10- --host=x86_64-apple-darwin10 --target=i686-apple-darwin10 --with-gxx-include-dir=/include/c++/4.2.1
Thread model: posix
gcc version 4.2.1 (Apple Inc. build 5666) (dot 3)
configure:3286: $? = 0
configure:3275: gcc -V >&5
gcc-4.2: argument to `-V' is missing
configure:3286: $? = 1
configure:3275: gcc -qversion >&5
i686-apple-darwin10-gcc-4.2.1: no input files
configure:3286: $? = 1
configure:3306: checking whether the C compiler works
configure:3328: gcc -s -Wall -O2 -DSLIMPROTO_DEBUG -DINTERACTIVE -DDAEMONIZE -DPORTAUDIO_DEV -DUSE_SIGNALS_FOR_RESTART -isysroot /Developer/SDKs/MacOSX10.5.sdk -arch x86_64 -s -Wall -O2 -DSLIMPROTO_DEBUG -DINTERACTIVE -DDAEMONIZE -DPORTAUDIO_DEV -DUSE_SIGNALS_FOR_RESTART -isysroot /Developer/SDKs/MacOSX10.5.sdk -arch x86_64 -Wl,-syslibroot,/Developer/SDKs/MacOSX10.5.sdk -arch x86_64 -mmacosx-version-min=10.5 conftest.c  >&5
ld: warning: option -s is obsolete and being ignored
ld: warning: option -s is obsolete and being ignored
configure:3332: $? = 0
configure:3381: result: yes
configure:3384: checking for C compiler default output file name
configure:3386: result: a.out
configure:3392: checking for suffix of executables
configure:3399: gcc -o conftest -s -Wall -O2 -DSLIMPROTO_DEBUG -DINTERACTIVE -DDAEMONIZE -DPORTAUDIO_DEV -DUSE_SIGNALS_FOR_RESTART -isysroot /Developer/SDKs/MacOSX10.5.sdk -arch x86_64 -s -Wall -O2 -DSLIMPROTO_DEBUG -DINTERACTIVE -DDAEMONIZE -DPORTAUDIO_DEV -DUSE_SIGNALS_FOR_RESTART -isysroot /Developer/SDKs/MacOSX10.5.sdk -arch x86_64 -Wl,-syslibroot,/Developer/SDKs/MacOSX10.5.sdk -arch x86_64 -mmacosx-version-min=10.5 conftest.c  >&5
ld: warning: option -s is obsolete and being ignored
ld: warning: option -s is obsolete and being ignored
configure:3403: $? = 0
configure:3425: result: 
configure:3447: checking whether we are cross compiling
configure:3455: gcc -o conftest -s -Wall -O2 -DSLIMPROTO_DEBUG -DINTERACTIVE -DDAEMONIZE -DPORTAUDIO_DEV -DUSE_SIGNALS_FOR_RESTART -isysroot /Developer/SDKs/MacOSX10.5.sdk -arch x86_64 -s -Wall -O2 -DSLIMPROTO_DEBUG -DINTERACTIVE -DDAEMONIZE -DPORTAUDIO_DEV -DUSE_SIGNALS_FOR_RESTART -isysroot /Developer/SDKs/MacOSX10.5.sdk -arch x86_64 -Wl,-syslibroot,/Developer/SDKs/MacOSX10.5.sdk -arch x86_64 -mmacosx-version-min=10.5 conftest.c  >&5
ld: warning: option -s is obsolete and being ignored
ld: warning: option -s is obsolete and being ignored
configure:3459: $? = 0
configure:3466: ./conftest
configure:3470: $? = 0
configure:3485: result: no
configure:3490: checking for suffix of object files
configure:3512: gcc -c -s -Wall -O2 -DSLIMPROTO_DEBUG -DINTERACTIVE -DDAEMONIZE -DPORTAUDIO_DEV -DUSE_SIGNALS_FOR_RESTART -isysroot /Developer/SDKs/MacOSX10.5.sdk -arch x86_64 -s -Wall -O2 -DSLIMPROTO_DEBUG -DINTERACTIVE -DDAEMONIZE -DPORTAUDIO_DEV -DUSE_SIGNALS_FOR_RESTART -isysroot /Developer/SDKs/MacOSX10.5.sdk -arch x86_64 conftest.c >&5
configure:3516: $? = 0
configure:3537: result: o
configure:3541: checking whether we are using the GNU C compiler
configure:3560: gcc -c -s -Wall -O2 -DSLIMPROTO_DEBUG -DINTERACTIVE -DDAEMONIZE -DPORTAUDIO_DEV -DUSE_SIGNALS_FOR_RESTART -isysroot /Developer/SDKs/MacOSX10.5.sdk -arch x86_64 -s -Wall -O2 -DSLIMPROTO_DEBUG -DINTERACTIVE -DDAEMONIZE -DPORTAUDIO_DEV -DUSE_SIGNALS_FOR_RESTART -isysroot /Developer/SDKs/MacOSX10.5.sdk -arch x86_64 conftest.c >&5
configure:3560: $? = 0
configure:3569: result: yes
configure:3578: checking whether gcc accepts -g
configure:3598: gcc -c -g -s -Wall -O2 -DSLIMPROTO_DEBUG -DINTERACTIVE -DDAEMONIZE -DPORTAUDIO_DEV -DUSE_SIGNALS_FOR_RESTART -isysroot /Developer/SDKs/MacOSX10.5.sdk -arch x86_64 conftest.c >&5
configure:3598: $? = 0
configure:3639: result: yes
configure:3656: checking for gcc option to accept ISO C89
configure:3720: gcc  -c -s -Wall -O2 -DSLIMPROTO_DEBUG -DINTERACTIVE -DDAEMONIZE -DPORTAUDIO_DEV -DUSE_SIGNALS_FOR_RESTART -isysroot /Developer/SDKs/MacOSX10.5.sdk -arch x86_64 -s -Wall -O2 -DSLIMPROTO_DEBUG -DINTERACTIVE -DDAEMONIZE -DPORTAUDIO_DEV -DUSE_SIGNALS_FOR_RESTART -isysroot /Developer/SDKs/MacOSX10.5.sdk -arch x86_64 conftest.c >&5
configure:3720: $? = 0
configure:3733: result: none needed
configure:3827: checking for a sed that does not truncate output
configure:3881: result: /usr/bin/sed
configure:3884: checking for grep that handles long lines and -e
configure:3942: result: /usr/bin/grep
configure:3947: checking for egrep
configure:4009: result: /usr/bin/grep -E
configure:4025: checking for ld used by gcc
configure:4092: result: /usr/libexec/gcc/i686-apple-darwin10/4.2.1/ld
configure:4099: checking if the linker (/usr/libexec/gcc/i686-apple-darwin10/4.2.1/ld) is GNU ld
configure:4114: result: no
configure:4119: checking for /usr/libexec/gcc/i686-apple-darwin10/4.2.1/ld option to reload object files
configure:4126: result: -r
configure:4144: checking for BSD-compatible nm
configure:4193: result: /usr/bin/nm
configure:4197: checking whether ln -s works
configure:4201: result: yes
configure:4208: checking how to recognise dependent libraries
configure:4384: result: pass_all
configure:4871: checking how to run the C preprocessor
configure:4902: gcc -E -s -Wall -O2 -DSLIMPROTO_DEBUG -DINTERACTIVE -DDAEMONIZE -DPORTAUDIO_DEV -DUSE_SIGNALS_FOR_RESTART -isysroot /Developer/SDKs/MacOSX10.5.sdk -arch x86_64 conftest.c
configure:4902: $? = 0
configure:4916: gcc -E -s -Wall -O2 -DSLIMPROTO_DEBUG -DINTERACTIVE -DDAEMONIZE -DPORTAUDIO_DEV -DUSE_SIGNALS_FOR_RESTART -isysroot /Developer/SDKs/MacOSX10.5.sdk -arch x86_64 conftest.c
conftest.c:9:28: error: ac_nonexistent.h: No such file or directory
configure:4916: $? = 1
configure: failed program was:
| /* confdefs.h */
| #define PACKAGE_NAME ""
| #define PACKAGE_TARNAME ""
| #define PACKAGE_VERSION ""
| #define PACKAGE_STRING ""
| #define PACKAGE_BUGREPORT ""
| #define PACKAGE_URL ""
| /* end confdefs.h.  */
| #include <ac_nonexistent.h>
configure:4941: result: gcc -E
configure:4961: gcc -E -s -Wall -O2 -DSLIMPROTO_DEBUG -DINTERACTIVE -DDAEMONIZE -DPORTAUDIO_DEV -DUSE_SIGNALS_FOR_RESTART -isysroot /Developer/SDKs/MacOSX10.5.sdk -arch x86_64 conftest.c
configure:4961: $? = 0
configure:4975: gcc -E -s -Wall -O2 -DSLIMPROTO_DEBUG -DINTERACTIVE -DDAEMONIZE -DPORTAUDIO_DEV -DUSE_SIGNALS_FOR_RESTART -isysroot /Developer/SDKs/MacOSX10.5.sdk -arch x86_64 conftest.c
conftest.c:9:28: error: ac_nonexistent.h: No such file or directory
configure:4975: $? = 1
configure: failed program was:
| /* confdefs.h */
| #define PACKAGE_NAME ""
| #define PACKAGE_TARNAME ""
| #define PACKAGE_VERSION ""
| #define PACKAGE_STRING ""
| #define PACKAGE_BUGREPORT ""
| #define PACKAGE_URL ""
| /* end confdefs.h.  */
| #include <ac_nonexistent.h>
configure:5004: checking for ANSI C header files
configure:5024: gcc -c -s -Wall -O2 -DSLIMPROTO_DEBUG -DINTERACTIVE -DDAEMONIZE -DPORTAUDIO_DEV -DUSE_SIGNALS_FOR_RESTART -isysroot /Developer/SDKs/MacOSX10.5.sdk -arch x86_64 -s -Wall -O2 -DSLIMPROTO_DEBUG -DINTERACTIVE -DDAEMONIZE -DPORTAUDIO_DEV -DUSE_SIGNALS_FOR_RESTART -isysroot /Developer/SDKs/MacOSX10.5.sdk -arch x86_64 conftest.c >&5
configure:5024: $? = 0
configure:5097: gcc -o conftest -s -Wall -O2 -DSLIMPROTO_DEBUG -DINTERACTIVE -DDAEMONIZE -DPORTAUDIO_DEV -DUSE_SIGNALS_FOR_RESTART -isysroot /Developer/SDKs/MacOSX10.5.sdk -arch x86_64 -s -Wall -O2 -DSLIMPROTO_DEBUG -DINTERACTIVE -DDAEMONIZE -DPORTAUDIO_DEV -DUSE_SIGNALS_FOR_RESTART -isysroot /Developer/SDKs/MacOSX10.5.sdk -arch x86_64 -Wl,-syslibroot,/Developer/SDKs/MacOSX10.5.sdk -arch x86_64 -mmacosx-version-min=10.5 conftest.c  >&5
ld: warning: option -s is obsolete and being ignored
ld: warning: option -s is obsolete and being ignored
configure:5097: $? = 0
configure:5097: ./conftest
configure:5097: $? = 0
configure:5108: result: yes
configure:5121: checking for sys/types.h
configure:5121: gcc -c -s -Wall -O2 -DSLIMPROTO_DEBUG -DINTERACTIVE -DDAEMONIZE -DPORTAUDIO_DEV -DUSE_SIGNALS_FOR_RESTART -isysroot /Developer/SDKs/MacOSX10.5.sdk -arch x86_64 -s -Wall -O2 -DSLIMPROTO_DEBUG -DINTERACTIVE -DDAEMONIZE -DPORTAUDIO_DEV -DUSE_SIGNALS_FOR_RESTART -isysroot /Developer/SDKs/MacOSX10.5.sdk -arch x86_64 conftest.c >&5
configure:5121: $? = 0
configure:5121: result: yes
configure:5121: checking for sys/stat.h
configure:5121: gcc -c -s -Wall -O2 -DSLIMPROTO_DEBUG -DINTERACTIVE -DDAEMONIZE -DPORTAUDIO_DEV -DUSE_SIGNALS_FOR_RESTART -isysroot /Developer/SDKs/MacOSX10.5.sdk -arch x86_64 -s -Wall -O2 -DSLIMPROTO_DEBUG -DINTERACTIVE -DDAEMONIZE -DPORTAUDIO_DEV -DUSE_SIGNALS_FOR_RESTART -isysroot /Developer/SDKs/MacOSX10.5.sdk -arch x86_64 conftest.c >&5
configure:5121: $? = 0
configure:5121: result: yes
configure:5121: checking for stdlib.h
configure:5121: gcc -c -s -Wall -O2 -DSLIMPROTO_DEBUG -DINTERACTIVE -DDAEMONIZE -DPORTAUDIO_DEV -DUSE_SIGNALS_FOR_RESTART -isysroot /Developer/SDKs/MacOSX10.5.sdk -arch x86_64 -s -Wall -O2 -DSLIMPROTO_DEBUG -DINTERACTIVE -DDAEMONIZE -DPORTAUDIO_DEV -DUSE_SIGNALS_FOR_RESTART -isysroot /Developer/SDKs/MacOSX10.5.sdk -arch x86_64 conftest.c >&5
configure:5121: $? = 0
configure:5121: result: yes
configure:5121: checking for string.h
configure:5121: gcc -c -s -Wall -O2 -DSLIMPROTO_DEBUG -DINTERACTIVE -DDAEMONIZE -DPORTAUDIO_DEV -DUSE_SIGNALS_FOR_RESTART -isysroot /Developer/SDKs/MacOSX10.5.sdk -arch x86_64 -s -Wall -O2 -DSLIMPROTO_DEBUG -DINTERACTIVE -DDAEMONIZE -DPORTAUDIO_DEV -DUSE_SIGNALS_FOR_RESTART -isysroot /Developer/SDKs/MacOSX10.5.sdk -arch x86_64 conftest.c >&5
configure:5121: $? = 0
configure:5121: result: yes
configure:5121: checking for memory.h
configure:5121: gcc -c -s -Wall -O2 -DSLIMPROTO_DEBUG -DINTERACTIVE -DDAEMONIZE -DPORTAUDIO_DEV -DUSE_SIGNALS_FOR_RESTART -isysroot /Developer/SDKs/MacOSX10.5.sdk -arch x86_64 -s -Wall -O2 -DSLIMPROTO_DEBUG -DINTERACTIVE -DDAEMONIZE -DPORTAUDIO_DEV -DUSE_SIGNALS_FOR_RESTART -isysroot /Developer/SDKs/MacOSX10.5.sdk -arch x86_64 conftest.c >&5
configure:5121: $? = 0
configure:5121: result: yes
configure:5121: checking for strings.h
configure:5121: gcc -c -s -Wall -O2 -DSLIMPROTO_DEBUG -DINTERACTIVE -DDAEMONIZE -DPORTAUDIO_DEV -DUSE_SIGNALS_FOR_RESTART -isysroot /Developer/SDKs/MacOSX10.5.sdk -arch x86_64 -s -Wall -O2 -DSLIMPROTO_DEBUG -DINTERACTIVE -DDAEMONIZE -DPORTAUDIO_DEV -DUSE_SIGNALS_FOR_RESTART -isysroot /Developer/SDKs/MacOSX10.5.sdk -arch x86_64 conftest.c >&5
configure:5121: $? = 0
configure:5121: result: yes
configure:5121: checking for inttypes.h
configure:5121: gcc -c -s -Wall -O2 -DSLIMPROTO_DEBUG -DINTERACTIVE -DDAEMONIZE -DPORTAUDIO_DEV -DUSE_SIGNALS_FOR_RESTART -isysroot /Developer/SDKs/MacOSX10.5.sdk -arch x86_64 -s -Wall -O2 -DSLIMPROTO_DEBUG -DINTERACTIVE -DDAEMONIZE -DPORTAUDIO_DEV -DUSE_SIGNALS_FOR_RESTART -isysroot /Developer/SDKs/MacOSX10.5.sdk -arch x86_64 conftest.c >&5
configure:5121: $? = 0
configure:5121: result: yes
configure:5121: checking for stdint.h
configure:5121: gcc -c -s -Wall -O2 -DSLIMPROTO_DEBUG -DINTERACTIVE -DDAEMONIZE -DPORTAUDIO_DEV -DUSE_SIGNALS_FOR_RESTART -isysroot /Developer/SDKs/MacOSX10.5.sdk -arch x86_64 -s -Wall -O2 -DSLIMPROTO_DEBUG -DINTERACTIVE -DDAEMONIZE -DPORTAUDIO_DEV -DUSE_SIGNALS_FOR_RESTART -isysroot /Developer/SDKs/MacOSX10.5.sdk -arch x86_64 conftest.c >&5
configure:5121: $? = 0
configure:5121: result: yes
configure:5121: checking for unistd.h
configure:5121: gcc -c -s -Wall -O2 -DSLIMPROTO_DEBUG -DINTERACTIVE -DDAEMONIZE -DPORTAUDIO_DEV -DUSE_SIGNALS_FOR_RESTART -isysroot /Developer/SDKs/MacOSX10.5.sdk -arch x86_64 -s -Wall -O2 -DSLIMPROTO_DEBUG -DINTERACTIVE -DDAEMONIZE -DPORTAUDIO_DEV -DUSE_SIGNALS_FOR_RESTART -isysroot /Developer/SDKs/MacOSX10.5.sdk -arch x86_64 conftest.c >&5
configure:5121: $? = 0
configure:5121: result: yes
configure:5136: checking dlfcn.h usability
configure:5136: gcc -c -s -Wall -O2 -DSLIMPROTO_DEBUG -DINTERACTIVE -DDAEMONIZE -DPORTAUDIO_DEV -DUSE_SIGNALS_FOR_RESTART -isysroot /Developer/SDKs/MacOSX10.5.sdk -arch x86_64 -s -Wall -O2 -DSLIMPROTO_DEBUG -DINTERACTIVE -DDAEMONIZE -DPORTAUDIO_DEV -DUSE_SIGNALS_FOR_RESTART -isysroot /Developer/SDKs/MacOSX10.5.sdk -arch x86_64 conftest.c >&5
configure:5136: $? = 0
configure:5136: result: yes
configure:5136: checking dlfcn.h presence
configure:5136: gcc -E -s -Wall -O2 -DSLIMPROTO_DEBUG -DINTERACTIVE -DDAEMONIZE -DPORTAUDIO_DEV -DUSE_SIGNALS_FOR_RESTART -isysroot /Developer/SDKs/MacOSX10.5.sdk -arch x86_64 conftest.c
configure:5136: $? = 0
configure:5136: result: yes
configure:5136: checking for dlfcn.h
configure:5136: result: yes
configure:5204: checking for g++
configure:5220: found /usr/bin/g++
configure:5231: result: g++
configure:5258: checking for C++ compiler version
configure:5267: g++ --version >&5
i686-apple-darwin10-g++-4.2.1 (GCC) 4.2.1 (Apple Inc. build 5666) (dot 3)
Copyright (C) 2007 Free Software Foundation, Inc.
This is free software; see the source for copying conditions.  There is NO
warranty; not even for MERCHANTABILITY or FITNESS FOR A PARTICULAR PURPOSE.

configure:5278: $? = 0
configure:5267: g++ -v >&5
Using built-in specs.
Target: i686-apple-darwin10
Configured with: /var/tmp/gcc/gcc-5666.3~11/src/configure --disable-checking --enable-werror --prefix=/usr --mandir=/share/man --enable-languages=c,objc,c++,obj-c++ --program-transform-name=/^[cg][^.-]*$/s/$/-4.2/ --with-slibdir=/usr/lib --build=i686-apple-darwin10 --program-prefix=i686-apple-darwin10- --host=x86_64-apple-darwin10 --target=i686-apple-darwin10 --with-gxx-include-dir=/include/c++/4.2.1
Thread model: posix
gcc version 4.2.1 (Apple Inc. build 5666) (dot 3)
configure:5278: $? = 0
configure:5267: g++ -V >&5
g++-4.2: argument to `-V' is missing
configure:5278: $? = 1
configure:5267: g++ -qversion >&5
i686-apple-darwin10-g++-4.2.1: no input files
configure:5278: $? = 1
configure:5282: checking whether we are using the GNU C++ compiler
configure:5301: g++ -c  -s -Wall -O2 -DSLIMPROTO_DEBUG -DINTERACTIVE -DDAEMONIZE -DPORTAUDIO_DEV -DUSE_SIGNALS_FOR_RESTART -isysroot /Developer/SDKs/MacOSX10.5.sdk -arch x86_64 conftest.cpp >&5
configure:5301: $? = 0
configure:5310: result: yes
configure:5319: checking whether g++ accepts -g
configure:5339: g++ -c -g -s -Wall -O2 -DSLIMPROTO_DEBUG -DINTERACTIVE -DDAEMONIZE -DPORTAUDIO_DEV -DUSE_SIGNALS_FOR_RESTART -isysroot /Developer/SDKs/MacOSX10.5.sdk -arch x86_64 conftest.cpp >&5
configure:5339: $? = 0
configure:5380: result: yes
configure:5413: checking how to run the C++ preprocessor
configure:5440: g++ -E -s -Wall -O2 -DSLIMPROTO_DEBUG -DINTERACTIVE -DDAEMONIZE -DPORTAUDIO_DEV -DUSE_SIGNALS_FOR_RESTART -isysroot /Developer/SDKs/MacOSX10.5.sdk -arch x86_64 conftest.cpp
configure:5440: $? = 0
configure:5454: g++ -E -s -Wall -O2 -DSLIMPROTO_DEBUG -DINTERACTIVE -DDAEMONIZE -DPORTAUDIO_DEV -DUSE_SIGNALS_FOR_RESTART -isysroot /Developer/SDKs/MacOSX10.5.sdk -arch x86_64 conftest.cpp
conftest.cpp:20:28: error: ac_nonexistent.h: No such file or directory
configure:5454: $? = 1
configure: failed program was:
| /* confdefs.h */
| #define PACKAGE_NAME ""
| #define PACKAGE_TARNAME ""
| #define PACKAGE_VERSION ""
| #define PACKAGE_STRING ""
| #define PACKAGE_BUGREPORT ""
| #define PACKAGE_URL ""
| #define STDC_HEADERS 1
| #define HAVE_SYS_TYPES_H 1
| #define HAVE_SYS_STAT_H 1
| #define HAVE_STDLIB_H 1
| #define HAVE_STRING_H 1
| #define HAVE_MEMORY_H 1
| #define HAVE_STRINGS_H 1
| #define HAVE_INTTYPES_H 1
| #define HAVE_STDINT_H 1
| #define HAVE_UNISTD_H 1
| #define HAVE_DLFCN_H 1
| /* end confdefs.h.  */
| #include <ac_nonexistent.h>
configure:5479: result: g++ -E
configure:5499: g++ -E -s -Wall -O2 -DSLIMPROTO_DEBUG -DINTERACTIVE -DDAEMONIZE -DPORTAUDIO_DEV -DUSE_SIGNALS_FOR_RESTART -isysroot /Developer/SDKs/MacOSX10.5.sdk -arch x86_64 conftest.cpp
configure:5499: $? = 0
configure:5513: g++ -E -s -Wall -O2 -DSLIMPROTO_DEBUG -DINTERACTIVE -DDAEMONIZE -DPORTAUDIO_DEV -DUSE_SIGNALS_FOR_RESTART -isysroot /Developer/SDKs/MacOSX10.5.sdk -arch x86_64 conftest.cpp
conftest.cpp:20:28: error: ac_nonexistent.h: No such file or directory
configure:5513: $? = 1
configure: failed program was:
| /* confdefs.h */
| #define PACKAGE_NAME ""
| #define PACKAGE_TARNAME ""
| #define PACKAGE_VERSION ""
| #define PACKAGE_STRING ""
| #define PACKAGE_BUGREPORT ""
| #define PACKAGE_URL ""
| #define STDC_HEADERS 1
| #define HAVE_SYS_TYPES_H 1
| #define HAVE_SYS_STAT_H 1
| #define HAVE_STDLIB_H 1
| #define HAVE_STRING_H 1
| #define HAVE_MEMORY_H 1
| #define HAVE_STRINGS_H 1
| #define HAVE_INTTYPES_H 1
| #define HAVE_STDINT_H 1
| #define HAVE_UNISTD_H 1
| #define HAVE_DLFCN_H 1
| /* end confdefs.h.  */
| #include <ac_nonexistent.h>
configure:5597: checking for g77
configure:5627: result: no
configure:5597: checking for xlf
configure:5627: result: no
configure:5597: checking for f77
configure:5627: result: no
configure:5597: checking for frt
configure:5627: result: no
configure:5597: checking for pgf77
configure:5627: result: no
configure:5597: checking for cf77
configure:5627: result: no
configure:5597: checking for fort77
configure:5627: result: no
configure:5597: checking for fl32
configure:5627: result: no
configure:5597: checking for af77
configure:5627: result: no
configure:5597: checking for xlf90
configure:5627: result: no
configure:5597: checking for f90
configure:5627: result: no
configure:5597: checking for pgf90
configure:5627: result: no
configure:5597: checking for pghpf
configure:5627: result: no
configure:5597: checking for epcf90
configure:5627: result: no
configure:5597: checking for gfortran
configure:5627: result: no
configure:5597: checking for g95
configure:5627: result: no
configure:5597: checking for xlf95
configure:5627: result: no
configure:5597: checking for f95
configure:5627: result: no
configure:5597: checking for fort
configure:5627: result: no
configure:5597: checking for ifort
configure:5627: result: no
configure:5597: checking for ifc
configure:5627: result: no
configure:5597: checking for efc
configure:5627: result: no
configure:5597: checking for pgf95
configure:5627: result: no
configure:5597: checking for lf95
configure:5627: result: no
configure:5597: checking for ftn
configure:5627: result: no
configure:5650: checking for Fortran 77 compiler version
configure:5659:  --version >&5
./configure: line 5661: --version: command not found
configure:5670: $? = 127
configure:5659:  -v >&5
./configure: line 5661: -v: command not found
configure:5670: $? = 127
configure:5659:  -V >&5
./configure: line 5661: -V: command not found
configure:5670: $? = 127
configure:5659:  -qversion >&5
./configure: line 5661: -qversion: command not found
configure:5670: $? = 127
configure:5679: checking whether we are using the GNU Fortran 77 compiler
configure:5692:  -c  conftest.F >&5
./configure: line 2110: -c: command not found
configure:5692: $? = 127
configure: failed program was:
|       program main
| #ifndef __GNUC__
|        choke me
| #endif
| 
|       end
configure:5701: result: no
configure:5707: checking whether  accepts -g
configure:5718:  -c -g conftest.f >&5
./configure: line 2110: -c: command not found
configure:5718: $? = 127
configure: failed program was:
|       program main
| 
|       end
configure:5726: result: no
configure:5760: checking the maximum length of command line arguments
configure:5869: result: 196608
configure:5880: checking command to parse /usr/bin/nm output from gcc object
configure:5985: gcc -c -s -Wall -O2 -DSLIMPROTO_DEBUG -DINTERACTIVE -DDAEMONIZE -DPORTAUDIO_DEV -DUSE_SIGNALS_FOR_RESTART -isysroot /Developer/SDKs/MacOSX10.5.sdk -arch x86_64 -s -Wall -O2 -DSLIMPROTO_DEBUG -DINTERACTIVE -DDAEMONIZE -DPORTAUDIO_DEV -DUSE_SIGNALS_FOR_RESTART -isysroot /Developer/SDKs/MacOSX10.5.sdk -arch x86_64 conftest.c >&5
configure:5988: $? = 0
configure:5992: /usr/bin/nm conftest.o \| sed -n -e 's/^.*[ 	]\([BCDEGRST][BCDEGRST]*\)[ 	][ 	]*\([_A-Za-z][_A-Za-z0-9]*\)$/\1 \2 \2/p' \> conftest.nm
configure:5995: $? = 0
cannot find nm_test_var in conftest.nm
configure:5985: gcc -c -s -Wall -O2 -DSLIMPROTO_DEBUG -DINTERACTIVE -DDAEMONIZE -DPORTAUDIO_DEV -DUSE_SIGNALS_FOR_RESTART -isysroot /Developer/SDKs/MacOSX10.5.sdk -arch x86_64 -s -Wall -O2 -DSLIMPROTO_DEBUG -DINTERACTIVE -DDAEMONIZE -DPORTAUDIO_DEV -DUSE_SIGNALS_FOR_RESTART -isysroot /Developer/SDKs/MacOSX10.5.sdk -arch x86_64 conftest.c >&5
configure:5988: $? = 0
configure:5992: /usr/bin/nm conftest.o \| sed -n -e 's/^.*[ 	]\([BCDEGRST][BCDEGRST]*\)[ 	][ 	]*_\([_A-Za-z][_A-Za-z0-9]*\)$/\1 _\2 \2/p' \> conftest.nm
configure:5995: $? = 0
configure:6047: gcc -o conftest -s -Wall -O2 -DSLIMPROTO_DEBUG -DINTERACTIVE -DDAEMONIZE -DPORTAUDIO_DEV -DUSE_SIGNALS_FOR_RESTART -isysroot /Developer/SDKs/MacOSX10.5.sdk -arch x86_64 -s -Wall -O2 -DSLIMPROTO_DEBUG -DINTERACTIVE -DDAEMONIZE -DPORTAUDIO_DEV -DUSE_SIGNALS_FOR_RESTART -isysroot /Developer/SDKs/MacOSX10.5.sdk -arch x86_64 -Wl,-syslibroot,/Developer/SDKs/MacOSX10.5.sdk -arch x86_64 -mmacosx-version-min=10.5 conftest.c conftstm.o >&5
ld: warning: option -s is obsolete and being ignored
ld: warning: option -s is obsolete and being ignored
configure:6050: $? = 0
configure:6088: result: ok
configure:6092: checking for objdir
configure:6107: result: .libs
configure:6199: checking for ar
configure:6215: found /usr/bin/ar
configure:6226: result: ar
configure:6291: checking for ranlib
configure:6307: found /usr/bin/ranlib
configure:6318: result: ranlib
configure:6383: checking for strip
configure:6399: found /usr/bin/strip
configure:6410: result: strip
configure:6643: checking for correct ltmain.sh version
configure:6673: result: yes
configure:6733: checking if gcc supports -fno-rtti -fno-exceptions
configure:6751: gcc -c -s -Wall -O2 -DSLIMPROTO_DEBUG -DINTERACTIVE -DDAEMONIZE -DPORTAUDIO_DEV -DUSE_SIGNALS_FOR_RESTART -isysroot /Developer/SDKs/MacOSX10.5.sdk -arch x86_64 -s -Wall -O2 -DSLIMPROTO_DEBUG -DINTERACTIVE -DDAEMONIZE -DPORTAUDIO_DEV -DUSE_SIGNALS_FOR_RESTART -isysroot /Developer/SDKs/MacOSX10.5.sdk -arch x86_64 -fno-rtti -fno-exceptions conftest.c >&5
cc1: warning: command line option "-fno-rtti" is valid for C++/ObjC++ but not for C
configure:6755: $? = 0
configure:6768: result: no
configure:6783: checking for gcc option to produce PIC
configure:6993: result: -fno-common
configure:7001: checking if gcc PIC flag -fno-common works
configure:7019: gcc -c -s -Wall -O2 -DSLIMPROTO_DEBUG -DINTERACTIVE -DDAEMONIZE -DPORTAUDIO_DEV -DUSE_SIGNALS_FOR_RESTART -isysroot /Developer/SDKs/MacOSX10.5.sdk -arch x86_64 -s -Wall -O2 -DSLIMPROTO_DEBUG -DINTERACTIVE -DDAEMONIZE -DPORTAUDIO_DEV -DUSE_SIGNALS_FOR_RESTART -isysroot /Developer/SDKs/MacOSX10.5.sdk -arch x86_64 -fno-common -DPIC conftest.c >&5
configure:7023: $? = 0
configure:7036: result: yes
configure:7064: checking if gcc static flag -static works
configure:7092: result: no
configure:7102: checking if gcc supports -c -o file.o
configure:7123: gcc -c -s -Wall -O2 -DSLIMPROTO_DEBUG -DINTERACTIVE -DDAEMONIZE -DPORTAUDIO_DEV -DUSE_SIGNALS_FOR_RESTART -isysroot /Developer/SDKs/MacOSX10.5.sdk -arch x86_64 -s -Wall -O2 -DSLIMPROTO_DEBUG -DINTERACTIVE -DDAEMONIZE -DPORTAUDIO_DEV -DUSE_SIGNALS_FOR_RESTART -isysroot /Developer/SDKs/MacOSX10.5.sdk -arch x86_64 -o out/conftest2.o conftest.c >&5
configure:7127: $? = 0
configure:7149: result: yes
configure:7175: checking whether the gcc linker (/usr/libexec/gcc/i686-apple-darwin10/4.2.1/ld) supports shared libraries
configure:8075: result: yes
configure:8142: checking dynamic linker characteristics
configure:8767: result: darwin10.5.0 dyld
configure:8776: checking how to hardcode library paths into programs
configure:8801: result: immediate
configure:8815: checking whether stripping libraries is possible
configure:8828: result: yes
configure:9336: checking if libtool supports shared libraries
configure:9338: result: yes
configure:9341: checking whether to build shared libraries
configure:9362: result: no
configure:9365: checking whether to build static libraries
configure:9369: result: yes
configure:9461: creating libtool
warning: no debug symbols in executable (-arch x86_64)
configure:10045: checking for ld used by g++
configure:10112: result: /usr/libexec/gcc/i686-apple-darwin10/4.2.1/ld
configure:10119: checking if the linker (/usr/libexec/gcc/i686-apple-darwin10/4.2.1/ld) is GNU ld
configure:10134: result: no
configure:10185: checking whether the g++ linker (/usr/libexec/gcc/i686-apple-darwin10/4.2.1/ld) supports shared libraries
configure:11065: result: yes
configure:11083: g++ -c -g -O2 -s -Wall -O2 -DSLIMPROTO_DEBUG -DINTERACTIVE -DDAEMONIZE -DPORTAUDIO_DEV -DUSE_SIGNALS_FOR_RESTART -isysroot /Developer/SDKs/MacOSX10.5.sdk -arch x86_64 conftest.cpp >&5
configure:11086: $? = 0
configure:11205: checking for g++ option to produce PIC
configure:11479: result: -fno-common
configure:11487: checking if g++ PIC flag -fno-common works
configure:11505: g++ -c -g -O2 -s -Wall -O2 -DSLIMPROTO_DEBUG -DINTERACTIVE -DDAEMONIZE -DPORTAUDIO_DEV -DUSE_SIGNALS_FOR_RESTART -isysroot /Developer/SDKs/MacOSX10.5.sdk -arch x86_64 -fno-common -DPIC conftest.cpp >&5
configure:11509: $? = 0
configure:11522: result: yes
configure:11550: checking if g++ static flag -static works
configure:11578: result: no
configure:11588: checking if g++ supports -c -o file.o
configure:11609: g++ -c -g -O2 -s -Wall -O2 -DSLIMPROTO_DEBUG -DINTERACTIVE -DDAEMONIZE -DPORTAUDIO_DEV -DUSE_SIGNALS_FOR_RESTART -isysroot /Developer/SDKs/MacOSX10.5.sdk -arch x86_64 -o out/conftest2.o conftest.cpp >&5
configure:11613: $? = 0
configure:11635: result: yes
configure:11661: checking whether the g++ linker (/usr/libexec/gcc/i686-apple-darwin10/4.2.1/ld) supports shared libraries
configure:11686: result: yes
configure:11753: checking dynamic linker characteristics
configure:12378: result: darwin10.5.0 dyld
configure:12387: checking how to hardcode library paths into programs
configure:12412: result: immediate
configure:18536: checking for a BSD-compatible install
configure:18604: result: /usr/bin/install -c
configure:18615: checking whether ln -s works
configure:18619: result: yes
configure:18628: checking for ar
configure:18646: found /usr/bin/ar
configure:18659: result: /usr/bin/ar
configure:18671: checking whether byte ordering is bigendian
configure:18686: gcc -c -s -Wall -O2 -DSLIMPROTO_DEBUG -DINTERACTIVE -DDAEMONIZE -DPORTAUDIO_DEV -DUSE_SIGNALS_FOR_RESTART -isysroot /Developer/SDKs/MacOSX10.5.sdk -arch x86_64 -s -Wall -O2 -DSLIMPROTO_DEBUG -DINTERACTIVE -DDAEMONIZE -DPORTAUDIO_DEV -DUSE_SIGNALS_FOR_RESTART -isysroot /Developer/SDKs/MacOSX10.5.sdk -arch x86_64 conftest.c >&5
configure:18686: $? = 0
configure:18731: gcc -c -s -Wall -O2 -DSLIMPROTO_DEBUG -DINTERACTIVE -DDAEMONIZE -DPORTAUDIO_DEV -DUSE_SIGNALS_FOR_RESTART -isysroot /Developer/SDKs/MacOSX10.5.sdk -arch x86_64 -s -Wall -O2 -DSLIMPROTO_DEBUG -DINTERACTIVE -DDAEMONIZE -DPORTAUDIO_DEV -DUSE_SIGNALS_FOR_RESTART -isysroot /Developer/SDKs/MacOSX10.5.sdk -arch x86_64 conftest.c >&5
configure:18731: $? = 0
configure:18749: gcc -c -s -Wall -O2 -DSLIMPROTO_DEBUG -DINTERACTIVE -DDAEMONIZE -DPORTAUDIO_DEV -DUSE_SIGNALS_FOR_RESTART -isysroot /Developer/SDKs/MacOSX10.5.sdk -arch x86_64 -s -Wall -O2 -DSLIMPROTO_DEBUG -DINTERACTIVE -DDAEMONIZE -DPORTAUDIO_DEV -DUSE_SIGNALS_FOR_RESTART -isysroot /Developer/SDKs/MacOSX10.5.sdk -arch x86_64 conftest.c >&5
conftest.c: In function 'main':
conftest.c:27: error: 'not' undeclared (first use in this function)
conftest.c:27: error: (Each undeclared identifier is reported only once
conftest.c:27: error: for each function it appears in.)
conftest.c:27: error: expected ';' before 'big'
configure:18749: $? = 1
configure: failed program was:
| /* confdefs.h */
| #define PACKAGE_NAME ""
| #define PACKAGE_TARNAME ""
| #define PACKAGE_VERSION ""
| #define PACKAGE_STRING ""
| #define PACKAGE_BUGREPORT ""
| #define PACKAGE_URL ""
| #define STDC_HEADERS 1
| #define HAVE_SYS_TYPES_H 1
| #define HAVE_SYS_STAT_H 1
| #define HAVE_STDLIB_H 1
| #define HAVE_STRING_H 1
| #define HAVE_MEMORY_H 1
| #define HAVE_STRINGS_H 1
| #define HAVE_INTTYPES_H 1
| #define HAVE_STDINT_H 1
| #define HAVE_UNISTD_H 1
| #define HAVE_DLFCN_H 1
| /* end confdefs.h.  */
| #include <sys/types.h>
| 		#include <sys/param.h>
| 
| int
| main ()
| {
| #if BYTE_ORDER != BIG_ENDIAN
| 		 not big endian
| 		#endif
| 
|   ;
|   return 0;
| }
configure:18877: result: no
configure:18899: checking for snd_pcm_open in -lasound
configure:18924: gcc -o conftest -s -Wall -O2 -DSLIMPROTO_DEBUG -DINTERACTIVE -DDAEMONIZE -DPORTAUDIO_DEV -DUSE_SIGNALS_FOR_RESTART -isysroot /Developer/SDKs/MacOSX10.5.sdk -arch x86_64 -s -Wall -O2 -DSLIMPROTO_DEBUG -DINTERACTIVE -DDAEMONIZE -DPORTAUDIO_DEV -DUSE_SIGNALS_FOR_RESTART -isysroot /Developer/SDKs/MacOSX10.5.sdk -arch x86_64 -Wl,-syslibroot,/Developer/SDKs/MacOSX10.5.sdk -arch x86_64 -mmacosx-version-min=10.5 conftest.c -lasound   >&5
ld: warning: option -s is obsolete and being ignored
ld: warning: option -s is obsolete and being ignored
ld: library not found for -lasound
collect2: ld returned 1 exit status
configure:18924: $? = 1
configure: failed program was:
| /* confdefs.h */
| #define PACKAGE_NAME ""
| #define PACKAGE_TARNAME ""
| #define PACKAGE_VERSION ""
| #define PACKAGE_STRING ""
| #define PACKAGE_BUGREPORT ""
| #define PACKAGE_URL ""
| #define STDC_HEADERS 1
| #define HAVE_SYS_TYPES_H 1
| #define HAVE_SYS_STAT_H 1
| #define HAVE_STDLIB_H 1
| #define HAVE_STRING_H 1
| #define HAVE_MEMORY_H 1
| #define HAVE_STRINGS_H 1
| #define HAVE_INTTYPES_H 1
| #define HAVE_STDINT_H 1
| #define HAVE_UNISTD_H 1
| #define HAVE_DLFCN_H 1
| /* end confdefs.h.  */
| 
| /* Override any GCC internal prototype to avoid an error.
|    Use char because int might match the return type of a GCC
|    builtin and then its argument prototype would still apply.  */
| #ifdef __cplusplus
| extern "C"
| #endif
| char snd_pcm_open ();
| int
| main ()
| {
| return snd_pcm_open ();
|   ;
|   return 0;
| }
configure:18933: result: no
configure:18944: checking for HPI_SubSysCreate in -lhpi
configure:18969: gcc -o conftest -s -Wall -O2 -DSLIMPROTO_DEBUG -DINTERACTIVE -DDAEMONIZE -DPORTAUDIO_DEV -DUSE_SIGNALS_FOR_RESTART -isysroot /Developer/SDKs/MacOSX10.5.sdk -arch x86_64 -s -Wall -O2 -DSLIMPROTO_DEBUG -DINTERACTIVE -DDAEMONIZE -DPORTAUDIO_DEV -DUSE_SIGNALS_FOR_RESTART -isysroot /Developer/SDKs/MacOSX10.5.sdk -arch x86_64 -Wl,-syslibroot,/Developer/SDKs/MacOSX10.5.sdk -arch x86_64 -mmacosx-version-min=10.5 conftest.c -lhpi -lm  >&5
ld: warning: option -s is obsolete and being ignored
ld: warning: option -s is obsolete and being ignored
ld: library not found for -lhpi
collect2: ld returned 1 exit status
configure:18969: $? = 1
configure: failed program was:
| /* confdefs.h */
| #define PACKAGE_NAME ""
| #define PACKAGE_TARNAME ""
| #define PACKAGE_VERSION ""
| #define PACKAGE_STRING ""
| #define PACKAGE_BUGREPORT ""
| #define PACKAGE_URL ""
| #define STDC_HEADERS 1
| #define HAVE_SYS_TYPES_H 1
| #define HAVE_SYS_STAT_H 1
| #define HAVE_STDLIB_H 1
| #define HAVE_STRING_H 1
| #define HAVE_MEMORY_H 1
| #define HAVE_STRINGS_H 1
| #define HAVE_INTTYPES_H 1
| #define HAVE_STDINT_H 1
| #define HAVE_UNISTD_H 1
| #define HAVE_DLFCN_H 1
| /* end confdefs.h.  */
| 
| /* Override any GCC internal prototype to avoid an error.
|    Use char because int might match the return type of a GCC
|    builtin and then its argument prototype would still apply.  */
| #ifdef __cplusplus
| extern "C"
| #endif
| char HPI_SubSysCreate ();
| int
| main ()
| {
| return HPI_SubSysCreate ();
|   ;
|   return 0;
| }
configure:18978: result: no
configure:18993: checking sys/soundcard.h usability
configure:18993: gcc -c -s -Wall -O2 -DSLIMPROTO_DEBUG -DINTERACTIVE -DDAEMONIZE -DPORTAUDIO_DEV -DUSE_SIGNALS_FOR_RESTART -isysroot /Developer/SDKs/MacOSX10.5.sdk -arch x86_64 -s -Wall -O2 -DSLIMPROTO_DEBUG -DINTERACTIVE -DDAEMONIZE -DPORTAUDIO_DEV -DUSE_SIGNALS_FOR_RESTART -isysroot /Developer/SDKs/MacOSX10.5.sdk -arch x86_64 conftest.c >&5
conftest.c:53:27: error: sys/soundcard.h: No such file or directory
configure:18993: $? = 1
configure: failed program was:
| /* confdefs.h */
| #define PACKAGE_NAME ""
| #define PACKAGE_TARNAME ""
| #define PACKAGE_VERSION ""
| #define PACKAGE_STRING ""
| #define PACKAGE_BUGREPORT ""
| #define PACKAGE_URL ""
| #define STDC_HEADERS 1
| #define HAVE_SYS_TYPES_H 1
| #define HAVE_SYS_STAT_H 1
| #define HAVE_STDLIB_H 1
| #define HAVE_STRING_H 1
| #define HAVE_MEMORY_H 1
| #define HAVE_STRINGS_H 1
| #define HAVE_INTTYPES_H 1
| #define HAVE_STDINT_H 1
| #define HAVE_UNISTD_H 1
| #define HAVE_DLFCN_H 1
| /* end confdefs.h.  */
| #include <stdio.h>
| #ifdef HAVE_SYS_TYPES_H
| # include <sys/types.h>
| #endif
| #ifdef HAVE_SYS_STAT_H
| # include <sys/stat.h>
| #endif
| #ifdef STDC_HEADERS
| # include <stdlib.h>
| # include <stddef.h>
| #else
| # ifdef HAVE_STDLIB_H
| #  include <stdlib.h>
| # endif
| #endif
| #ifdef HAVE_STRING_H
| # if !defined STDC_HEADERS && defined HAVE_MEMORY_H
| #  include <memory.h>
| # endif
| # include <string.h>
| #endif
| #ifdef HAVE_STRINGS_H
| # include <strings.h>
| #endif
| #ifdef HAVE_INTTYPES_H
| # include <inttypes.h>
| #endif
| #ifdef HAVE_STDINT_H
| # include <stdint.h>
| #endif
| #ifdef HAVE_UNISTD_H
| # include <unistd.h>
| #endif
| #include <sys/soundcard.h>
configure:18993: result: no
configure:18993: checking sys/soundcard.h presence
configure:18993: gcc -E -s -Wall -O2 -DSLIMPROTO_DEBUG -DINTERACTIVE -DDAEMONIZE -DPORTAUDIO_DEV -DUSE_SIGNALS_FOR_RESTART -isysroot /Developer/SDKs/MacOSX10.5.sdk -arch x86_64 conftest.c
conftest.c:20:27: error: sys/soundcard.h: No such file or directory
configure:18993: $? = 1
configure: failed program was:
| /* confdefs.h */
| #define PACKAGE_NAME ""
| #define PACKAGE_TARNAME ""
| #define PACKAGE_VERSION ""
| #define PACKAGE_STRING ""
| #define PACKAGE_BUGREPORT ""
| #define PACKAGE_URL ""
| #define STDC_HEADERS 1
| #define HAVE_SYS_TYPES_H 1
| #define HAVE_SYS_STAT_H 1
| #define HAVE_STDLIB_H 1
| #define HAVE_STRING_H 1
| #define HAVE_MEMORY_H 1
| #define HAVE_STRINGS_H 1
| #define HAVE_INTTYPES_H 1
| #define HAVE_STDINT_H 1
| #define HAVE_UNISTD_H 1
| #define HAVE_DLFCN_H 1
| /* end confdefs.h.  */
| #include <sys/soundcard.h>
configure:18993: result: no
configure:18993: checking for sys/soundcard.h
configure:18993: result: no
configure:18993: checking linux/soundcard.h usability
configure:18993: gcc -c -s -Wall -O2 -DSLIMPROTO_DEBUG -DINTERACTIVE -DDAEMONIZE -DPORTAUDIO_DEV -DUSE_SIGNALS_FOR_RESTART -isysroot /Developer/SDKs/MacOSX10.5.sdk -arch x86_64 -s -Wall -O2 -DSLIMPROTO_DEBUG -DINTERACTIVE -DDAEMONIZE -DPORTAUDIO_DEV -DUSE_SIGNALS_FOR_RESTART -isysroot /Developer/SDKs/MacOSX10.5.sdk -arch x86_64 conftest.c >&5
conftest.c:53:29: error: linux/soundcard.h: No such file or directory
configure:18993: $? = 1
configure: failed program was:
| /* confdefs.h */
| #define PACKAGE_NAME ""
| #define PACKAGE_TARNAME ""
| #define PACKAGE_VERSION ""
| #define PACKAGE_STRING ""
| #define PACKAGE_BUGREPORT ""
| #define PACKAGE_URL ""
| #define STDC_HEADERS 1
| #define HAVE_SYS_TYPES_H 1
| #define HAVE_SYS_STAT_H 1
| #define HAVE_STDLIB_H 1
| #define HAVE_STRING_H 1
| #define HAVE_MEMORY_H 1
| #define HAVE_STRINGS_H 1
| #define HAVE_INTTYPES_H 1
| #define HAVE_STDINT_H 1
| #define HAVE_UNISTD_H 1
| #define HAVE_DLFCN_H 1
| /* end confdefs.h.  */
| #include <stdio.h>
| #ifdef HAVE_SYS_TYPES_H
| # include <sys/types.h>
| #endif
| #ifdef HAVE_SYS_STAT_H
| # include <sys/stat.h>
| #endif
| #ifdef STDC_HEADERS
| # include <stdlib.h>
| # include <stddef.h>
| #else
| # ifdef HAVE_STDLIB_H
| #  include <stdlib.h>
| # endif
| #endif
| #ifdef HAVE_STRING_H
| # if !defined STDC_HEADERS && defined HAVE_MEMORY_H
| #  include <memory.h>
| # endif
| # include <string.h>
| #endif
| #ifdef HAVE_STRINGS_H
| # include <strings.h>
| #endif
| #ifdef HAVE_INTTYPES_H
| # include <inttypes.h>
| #endif
| #ifdef HAVE_STDINT_H
| # include <stdint.h>
| #endif
| #ifdef HAVE_UNISTD_H
| # include <unistd.h>
| #endif
| #include <linux/soundcard.h>
configure:18993: result: no
configure:18993: checking linux/soundcard.h presence
configure:18993: gcc -E -s -Wall -O2 -DSLIMPROTO_DEBUG -DINTERACTIVE -DDAEMONIZE -DPORTAUDIO_DEV -DUSE_SIGNALS_FOR_RESTART -isysroot /Developer/SDKs/MacOSX10.5.sdk -arch x86_64 conftest.c
conftest.c:20:29: error: linux/soundcard.h: No such file or directory
configure:18993: $? = 1
configure: failed program was:
| /* confdefs.h */
| #define PACKAGE_NAME ""
| #define PACKAGE_TARNAME ""
| #define PACKAGE_VERSION ""
| #define PACKAGE_STRING ""
| #define PACKAGE_BUGREPORT ""
| #define PACKAGE_URL ""
| #define STDC_HEADERS 1
| #define HAVE_SYS_TYPES_H 1
| #define HAVE_SYS_STAT_H 1
| #define HAVE_STDLIB_H 1
| #define HAVE_STRING_H 1
| #define HAVE_MEMORY_H 1
| #define HAVE_STRINGS_H 1
| #define HAVE_INTTYPES_H 1
| #define HAVE_STDINT_H 1
| #define HAVE_UNISTD_H 1
| #define HAVE_DLFCN_H 1
| /* end confdefs.h.  */
| #include <linux/soundcard.h>
configure:18993: result: no
configure:18993: checking for linux/soundcard.h
configure:18993: result: no
configure:18993: checking machine/soundcard.h usability
configure:18993: gcc -c -s -Wall -O2 -DSLIMPROTO_DEBUG -DINTERACTIVE -DDAEMONIZE -DPORTAUDIO_DEV -DUSE_SIGNALS_FOR_RESTART -isysroot /Developer/SDKs/MacOSX10.5.sdk -arch x86_64 -s -Wall -O2 -DSLIMPROTO_DEBUG -DINTERACTIVE -DDAEMONIZE -DPORTAUDIO_DEV -DUSE_SIGNALS_FOR_RESTART -isysroot /Developer/SDKs/MacOSX10.5.sdk -arch x86_64 conftest.c >&5
conftest.c:53:31: error: machine/soundcard.h: No such file or directory
configure:18993: $? = 1
configure: failed program was:
| /* confdefs.h */
| #define PACKAGE_NAME ""
| #define PACKAGE_TARNAME ""
| #define PACKAGE_VERSION ""
| #define PACKAGE_STRING ""
| #define PACKAGE_BUGREPORT ""
| #define PACKAGE_URL ""
| #define STDC_HEADERS 1
| #define HAVE_SYS_TYPES_H 1
| #define HAVE_SYS_STAT_H 1
| #define HAVE_STDLIB_H 1
| #define HAVE_STRING_H 1
| #define HAVE_MEMORY_H 1
| #define HAVE_STRINGS_H 1
| #define HAVE_INTTYPES_H 1
| #define HAVE_STDINT_H 1
| #define HAVE_UNISTD_H 1
| #define HAVE_DLFCN_H 1
| /* end confdefs.h.  */
| #include <stdio.h>
| #ifdef HAVE_SYS_TYPES_H
| # include <sys/types.h>
| #endif
| #ifdef HAVE_SYS_STAT_H
| # include <sys/stat.h>
| #endif
| #ifdef STDC_HEADERS
| # include <stdlib.h>
| # include <stddef.h>
| #else
| # ifdef HAVE_STDLIB_H
| #  include <stdlib.h>
| # endif
| #endif
| #ifdef HAVE_STRING_H
| # if !defined STDC_HEADERS && defined HAVE_MEMORY_H
| #  include <memory.h>
| # endif
| # include <string.h>
| #endif
| #ifdef HAVE_STRINGS_H
| # include <strings.h>
| #endif
| #ifdef HAVE_INTTYPES_H
| # include <inttypes.h>
| #endif
| #ifdef HAVE_STDINT_H
| # include <stdint.h>
| #endif
| #ifdef HAVE_UNISTD_H
| # include <unistd.h>
| #endif
| #include <machine/soundcard.h>
configure:18993: result: no
configure:18993: checking machine/soundcard.h presence
configure:18993: gcc -E -s -Wall -O2 -DSLIMPROTO_DEBUG -DINTERACTIVE -DDAEMONIZE -DPORTAUDIO_DEV -DUSE_SIGNALS_FOR_RESTART -isysroot /Developer/SDKs/MacOSX10.5.sdk -arch x86_64 conftest.c
conftest.c:20:31: error: machine/soundcard.h: No such file or directory
configure:18993: $? = 1
configure: failed program was:
| /* confdefs.h */
| #define PACKAGE_NAME ""
| #define PACKAGE_TARNAME ""
| #define PACKAGE_VERSION ""
| #define PACKAGE_STRING ""
| #define PACKAGE_BUGREPORT ""
| #define PACKAGE_URL ""
| #define STDC_HEADERS 1
| #define HAVE_SYS_TYPES_H 1
| #define HAVE_SYS_STAT_H 1
| #define HAVE_STDLIB_H 1
| #define HAVE_STRING_H 1
| #define HAVE_MEMORY_H 1
| #define HAVE_STRINGS_H 1
| #define HAVE_INTTYPES_H 1
| #define HAVE_STDINT_H 1
| #define HAVE_UNISTD_H 1
| #define HAVE_DLFCN_H 1
| /* end confdefs.h.  */
| #include <machine/soundcard.h>
configure:18993: result: no
configure:18993: checking for machine/soundcard.h
configure:18993: result: no
configure:19100: checking for pkg-config
configure:19118: found /usr/local/bin/pkg-config
configure:19130: result: /usr/local/bin/pkg-config
configure:19155: checking pkg-config is at least version 0.9.0
configure:19158: result: yes
configure:19169: checking for JACK
configure:19177: $PKG_CONFIG --exists --print-errors "jack"
Package jack was not found in the pkg-config search path.
Perhaps you should add the directory containing `jack.pc'
to the PKG_CONFIG_PATH environment variable
No package 'jack' found
configure:19180: $? = 1
configure:19195: $PKG_CONFIG --exists --print-errors "jack"
Package jack was not found in the pkg-config search path.
Perhaps you should add the directory containing `jack.pc'
to the PKG_CONFIG_PATH environment variable
No package 'jack' found
configure:19198: $? = 1
No package 'jack' found
configure:19244: checking size of short
configure:19249: gcc -o conftest -s -Wall -O2 -DSLIMPROTO_DEBUG -DINTERACTIVE -DDAEMONIZE -DPORTAUDIO_DEV -DUSE_SIGNALS_FOR_RESTART -isysroot /Developer/SDKs/MacOSX10.5.sdk -arch x86_64 -s -Wall -O2 -DSLIMPROTO_DEBUG -DINTERACTIVE -DDAEMONIZE -DPORTAUDIO_DEV -DUSE_SIGNALS_FOR_RESTART -isysroot /Developer/SDKs/MacOSX10.5.sdk -arch x86_64 -Wl,-syslibroot,/Developer/SDKs/MacOSX10.5.sdk -arch x86_64 -mmacosx-version-min=10.5 conftest.c  >&5
ld: warning: option -s is obsolete and being ignored
ld: warning: option -s is obsolete and being ignored
configure:19249: $? = 0
configure:19249: ./conftest
configure:19249: $? = 0
configure:19264: result: 2
configure:19278: checking size of int
configure:19283: gcc -o conftest -s -Wall -O2 -DSLIMPROTO_DEBUG -DINTERACTIVE -DDAEMONIZE -DPORTAUDIO_DEV -DUSE_SIGNALS_FOR_RESTART -isysroot /Developer/SDKs/MacOSX10.5.sdk -arch x86_64 -s -Wall -O2 -DSLIMPROTO_DEBUG -DINTERACTIVE -DDAEMONIZE -DPORTAUDIO_DEV -DUSE_SIGNALS_FOR_RESTART -isysroot /Developer/SDKs/MacOSX10.5.sdk -arch x86_64 -Wl,-syslibroot,/Developer/SDKs/MacOSX10.5.sdk -arch x86_64 -mmacosx-version-min=10.5 conftest.c  >&5
ld: warning: option -s is obsolete and being ignored
ld: warning: option -s is obsolete and being ignored
configure:19283: $? = 0
configure:19283: ./conftest
configure:19283: $? = 0
configure:19298: result: 4
configure:19312: checking size of long
configure:19317: gcc -o conftest -s -Wall -O2 -DSLIMPROTO_DEBUG -DINTERACTIVE -DDAEMONIZE -DPORTAUDIO_DEV -DUSE_SIGNALS_FOR_RESTART -isysroot /Developer/SDKs/MacOSX10.5.sdk -arch x86_64 -s -Wall -O2 -DSLIMPROTO_DEBUG -DINTERACTIVE -DDAEMONIZE -DPORTAUDIO_DEV -DUSE_SIGNALS_FOR_RESTART -isysroot /Developer/SDKs/MacOSX10.5.sdk -arch x86_64 -Wl,-syslibroot,/Developer/SDKs/MacOSX10.5.sdk -arch x86_64 -mmacosx-version-min=10.5 conftest.c  >&5
ld: warning: option -s is obsolete and being ignored
ld: warning: option -s is obsolete and being ignored
configure:19317: $? = 0
configure:19317: ./conftest
configure:19317: $? = 0
configure:19332: result: 8
configure:19344: checking for clock_gettime in -lrt
configure:19369: gcc -o conftest -s -Wall -O2 -DSLIMPROTO_DEBUG -DINTERACTIVE -DDAEMONIZE -DPORTAUDIO_DEV -DUSE_SIGNALS_FOR_RESTART -isysroot /Developer/SDKs/MacOSX10.5.sdk -arch x86_64 -s -Wall -O2 -DSLIMPROTO_DEBUG -DINTERACTIVE -DDAEMONIZE -DPORTAUDIO_DEV -DUSE_SIGNALS_FOR_RESTART -isysroot /Developer/SDKs/MacOSX10.5.sdk -arch x86_64 -Wl,-syslibroot,/Developer/SDKs/MacOSX10.5.sdk -arch x86_64 -mmacosx-version-min=10.5 conftest.c -lrt   >&5
ld: warning: option -s is obsolete and being ignored
ld: warning: option -s is obsolete and being ignored
ld: library not found for -lrt
collect2: ld returned 1 exit status
configure:19369: $? = 1
configure: failed program was:
| /* confdefs.h */
| #define PACKAGE_NAME ""
| #define PACKAGE_TARNAME ""
| #define PACKAGE_VERSION ""
| #define PACKAGE_STRING ""
| #define PACKAGE_BUGREPORT ""
| #define PACKAGE_URL ""
| #define STDC_HEADERS 1
| #define HAVE_SYS_TYPES_H 1
| #define HAVE_SYS_STAT_H 1
| #define HAVE_STDLIB_H 1
| #define HAVE_STRING_H 1
| #define HAVE_MEMORY_H 1
| #define HAVE_STRINGS_H 1
| #define HAVE_INTTYPES_H 1
| #define HAVE_STDINT_H 1
| #define HAVE_UNISTD_H 1
| #define HAVE_DLFCN_H 1
| #define SIZEOF_SHORT 2
| #define SIZEOF_INT 4
| #define SIZEOF_LONG 8
| /* end confdefs.h.  */
| 
| /* Override any GCC internal prototype to avoid an error.
|    Use char because int might match the return type of a GCC
|    builtin and then its argument prototype would still apply.  */
| #ifdef __cplusplus
| extern "C"
| #endif
| char clock_gettime ();
| int
| main ()
| {
| return clock_gettime ();
|   ;
|   return 0;
| }
configure:19378: result: no
configure:19389: checking for clock_gettime
configure:19389: gcc -o conftest -s -Wall -O2 -DSLIMPROTO_DEBUG -DINTERACTIVE -DDAEMONIZE -DPORTAUDIO_DEV -DUSE_SIGNALS_FOR_RESTART -isysroot /Developer/SDKs/MacOSX10.5.sdk -arch x86_64 -s -Wall -O2 -DSLIMPROTO_DEBUG -DINTERACTIVE -DDAEMONIZE -DPORTAUDIO_DEV -DUSE_SIGNALS_FOR_RESTART -isysroot /Developer/SDKs/MacOSX10.5.sdk -arch x86_64 -Wl,-syslibroot,/Developer/SDKs/MacOSX10.5.sdk -arch x86_64 -mmacosx-version-min=10.5 conftest.c  >&5
ld: warning: option -s is obsolete and being ignored
ld: warning: option -s is obsolete and being ignored
Undefined symbols for architecture x86_64:
  "_clock_gettime", referenced from:
      _main in ccxVaqtc.o
ld: symbol(s) not found for architecture x86_64
collect2: ld returned 1 exit status
configure:19389: $? = 1
configure: failed program was:
| /* confdefs.h */
| #define PACKAGE_NAME ""
| #define PACKAGE_TARNAME ""
| #define PACKAGE_VERSION ""
| #define PACKAGE_STRING ""
| #define PACKAGE_BUGREPORT ""
| #define PACKAGE_URL ""
| #define STDC_HEADERS 1
| #define HAVE_SYS_TYPES_H 1
| #define HAVE_SYS_STAT_H 1
| #define HAVE_STDLIB_H 1
| #define HAVE_STRING_H 1
| #define HAVE_MEMORY_H 1
| #define HAVE_STRINGS_H 1
| #define HAVE_INTTYPES_H 1
| #define HAVE_STDINT_H 1
| #define HAVE_UNISTD_H 1
| #define HAVE_DLFCN_H 1
| #define SIZEOF_SHORT 2
| #define SIZEOF_INT 4
| #define SIZEOF_LONG 8
| /* end confdefs.h.  */
| /* Define clock_gettime to an innocuous variant, in case <limits.h> declares clock_gettime.
|    For example, HP-UX 11i <limits.h> declares gettimeofday.  */
| #define clock_gettime innocuous_clock_gettime
| 
| /* System header to define __stub macros and hopefully few prototypes,
|     which can conflict with char clock_gettime (); below.
|     Prefer <limits.h> to <assert.h> if __STDC__ is defined, since
|     <limits.h> exists even on freestanding compilers.  */
| 
| #ifdef __STDC__
| # include <limits.h>
| #else
| # include <assert.h>
| #endif
| 
| #undef clock_gettime
| 
| /* Override any GCC internal prototype to avoid an error.
|    Use char because int might match the return type of a GCC
|    builtin and then its argument prototype would still apply.  */
| #ifdef __cplusplus
| extern "C"
| #endif
| char clock_gettime ();
| /* The GNU C library defines this for functions which it implements
|     to always fail with ENOSYS.  Some functions are actually named
|     something starting with __ and the normal name is an alias.  */
| #if defined __stub_clock_gettime || defined __stub___clock_gettime
| choke me
| #endif
| 
| int
| main ()
| {
| return clock_gettime ();
|   ;
|   return 0;
| }
configure:19389: result: no
configure:19389: checking for nanosleep
configure:19389: gcc -o conftest -s -Wall -O2 -DSLIMPROTO_DEBUG -DINTERACTIVE -DDAEMONIZE -DPORTAUDIO_DEV -DUSE_SIGNALS_FOR_RESTART -isysroot /Developer/SDKs/MacOSX10.5.sdk -arch x86_64 -s -Wall -O2 -DSLIMPROTO_DEBUG -DINTERACTIVE -DDAEMONIZE -DPORTAUDIO_DEV -DUSE_SIGNALS_FOR_RESTART -isysroot /Developer/SDKs/MacOSX10.5.sdk -arch x86_64 -Wl,-syslibroot,/Developer/SDKs/MacOSX10.5.sdk -arch x86_64 -mmacosx-version-min=10.5 conftest.c  >&5
ld: warning: option -s is obsolete and being ignored
ld: warning: option -s is obsolete and being ignored
configure:19389: $? = 0
configure:19389: result: yes
configure:19949: creating ./config.status

## ---------------------- ##
## Running config.status. ##
## ---------------------- ##

This file was extended by config.status, which was
generated by GNU Autoconf 2.65.  Invocation command line was

  CONFIG_FILES    = 
  CONFIG_HEADERS  = 
  CONFIG_LINKS    = 
  CONFIG_COMMANDS = 
  $ ./config.status 

on beast.local

config.status:781: creating Makefile
config.status:781: creating portaudio-2.0.pc
configure:21106: result:
Configuration summary:

  Target ...................... i686-apple-darwin10.5.0
  C++ bindings ................ no
  Debug output ................ no
configure:21147: result:
  Mac debug flags ............. no


## ---------------- ##
## Cache variables. ##
## ---------------- ##

ac_cv_build=i686-apple-darwin10.5.0
ac_cv_c_bigendian=no
ac_cv_c_compiler_gnu=yes
ac_cv_cxx_compiler_gnu=yes
ac_cv_env_CCC_set=
ac_cv_env_CCC_value=
ac_cv_env_CC_set=set
ac_cv_env_CC_value=gcc
ac_cv_env_CFLAGS_set=set
ac_cv_env_CFLAGS_value='-s -Wall -O2 -DSLIMPROTO_DEBUG -DINTERACTIVE -DDAEMONIZE -DPORTAUDIO_DEV -DUSE_SIGNALS_FOR_RESTART -isysroot /Developer/SDKs/MacOSX10.5.sdk -arch x86_64'
ac_cv_env_CPPFLAGS_set=set
ac_cv_env_CPPFLAGS_value='-s -Wall -O2 -DSLIMPROTO_DEBUG -DINTERACTIVE -DDAEMONIZE -DPORTAUDIO_DEV -DUSE_SIGNALS_FOR_RESTART -isysroot /Developer/SDKs/MacOSX10.5.sdk -arch x86_64'
ac_cv_env_CPP_set=
ac_cv_env_CPP_value=
ac_cv_env_CXXCPP_set=
ac_cv_env_CXXCPP_value=
ac_cv_env_CXXFLAGS_set=
ac_cv_env_CXXFLAGS_value=
ac_cv_env_CXX_set=
ac_cv_env_CXX_value=
ac_cv_env_F77_set=
ac_cv_env_F77_value=
ac_cv_env_FFLAGS_set=
ac_cv_env_FFLAGS_value=
ac_cv_env_JACK_CFLAGS_set=
ac_cv_env_JACK_CFLAGS_value=
ac_cv_env_JACK_LIBS_set=
ac_cv_env_JACK_LIBS_value=
ac_cv_env_LDFLAGS_set=set
ac_cv_env_LDFLAGS_value='-Wl,-syslibroot,/Developer/SDKs/MacOSX10.5.sdk -arch x86_64 -mmacosx-version-min=10.5'
ac_cv_env_LIBS_set=
ac_cv_env_LIBS_value=
ac_cv_env_PKG_CONFIG_set=
ac_cv_env_PKG_CONFIG_value=
ac_cv_env_build_alias_set=
ac_cv_env_build_alias_value=
ac_cv_env_host_alias_set=
ac_cv_env_host_alias_value=
ac_cv_env_target_alias_set=
ac_cv_env_target_alias_value=
ac_cv_f77_compiler_gnu=no
ac_cv_func_clock_gettime=no
ac_cv_func_nanosleep=yes
ac_cv_header_dlfcn_h=yes
ac_cv_header_inttypes_h=yes
ac_cv_header_linux_soundcard_h=no
ac_cv_header_machine_soundcard_h=no
ac_cv_header_memory_h=yes
ac_cv_header_stdc=yes
ac_cv_header_stdint_h=yes
ac_cv_header_stdlib_h=yes
ac_cv_header_string_h=yes
ac_cv_header_strings_h=yes
ac_cv_header_sys_soundcard_h=no
ac_cv_header_sys_stat_h=yes
ac_cv_header_sys_types_h=yes
ac_cv_header_unistd_h=yes
ac_cv_host=i686-apple-darwin10.5.0
ac_cv_lib_asound_snd_pcm_open=no
ac_cv_lib_hpi_HPI_SubSysCreate=no
ac_cv_lib_rt_clock_gettime=no
ac_cv_objext=o
ac_cv_path_AR=/usr/bin/ar
ac_cv_path_EGREP='/usr/bin/grep -E'
ac_cv_path_GREP=/usr/bin/grep
ac_cv_path_ac_pt_PKG_CONFIG=/usr/local/bin/pkg-config
ac_cv_path_install='/usr/bin/install -c'
ac_cv_prog_CPP='gcc -E'
ac_cv_prog_CXXCPP='g++ -E'
ac_cv_prog_ac_ct_AR=ar
ac_cv_prog_ac_ct_CC=gcc
ac_cv_prog_ac_ct_CXX=g++
ac_cv_prog_ac_ct_RANLIB=ranlib
ac_cv_prog_ac_ct_STRIP=strip
ac_cv_prog_cc_c89=
ac_cv_prog_cc_g=yes
ac_cv_prog_cxx_g=yes
ac_cv_prog_f77_g=no
ac_cv_sizeof_int=4
ac_cv_sizeof_long=8
ac_cv_sizeof_short=2
ac_cv_target=i686-apple-darwin10.5.0
lt_cv_deplibs_check_method=pass_all
lt_cv_file_magic_cmd='$MAGIC_CMD'
lt_cv_file_magic_test_file=
lt_cv_ld_reload_flag=-r
lt_cv_objdir=.libs
lt_cv_path_LD=/usr/libexec/gcc/i686-apple-darwin10/4.2.1/ld
lt_cv_path_LDCXX=/usr/libexec/gcc/i686-apple-darwin10/4.2.1/ld
lt_cv_path_NM=/usr/bin/nm
lt_cv_path_SED=/usr/bin/sed
lt_cv_prog_compiler_c_o=yes
lt_cv_prog_compiler_c_o_CXX=yes
lt_cv_prog_compiler_rtti_exceptions=no
lt_cv_prog_gnu_ld=no
lt_cv_prog_gnu_ldcxx=no
lt_cv_sys_global_symbol_pipe='sed -n -e '\''s/^.*[ 	]\([BCDEGRST][BCDEGRST]*\)[ 	][ 	]*_\([_A-Za-z][_A-Za-z0-9]*\)$/\1 _\2 \2/p'\'''
lt_cv_sys_global_symbol_to_c_name_address='sed -n -e '\''s/^: \([^ ]*\) $/  {\"\1\", (lt_ptr) 0},/p'\'' -e '\''s/^[BCDEGRST] \([^ ]*\) \([^ ]*\)$/  {"\2", (lt_ptr) \&\2},/p'\'''
lt_cv_sys_global_symbol_to_cdecl='sed -n -e '\''s/^. .* \(.*\)$/extern int \1;/p'\'''
lt_cv_sys_max_cmd_len=196608
lt_lt_cv_prog_compiler_c_o='"yes"'
lt_lt_cv_prog_compiler_c_o_CXX='"yes"'
lt_lt_cv_sys_global_symbol_pipe='"sed -n -e '\''s/^.*[ 	]\\([BCDEGRST][BCDEGRST]*\\)[ 	][ 	]*_\\([_A-Za-z][_A-Za-z0-9]*\\)\$/\\1 _\\2 \\2/p'\''"'
lt_lt_cv_sys_global_symbol_to_c_name_address='"sed -n -e '\''s/^: \\([^ ]*\\) \$/  {\\\"\\1\\\", (lt_ptr) 0},/p'\'' -e '\''s/^[BCDEGRST] \\([^ ]*\\) \\([^ ]*\\)\$/  {\"\\2\", (lt_ptr) \\&\\2},/p'\''"'
lt_lt_cv_sys_global_symbol_to_cdecl='"sed -n -e '\''s/^. .* \\(.*\\)\$/extern int \\1;/p'\''"'

## ----------------- ##
## Output variables. ##
## ----------------- ##

AR='/usr/bin/ar'
AS='as'
CC='gcc'
CFLAGS='-std=c99 -O2 -Wall -pedantic -pipe -fPIC -DNDEBUG -DPA_LITTLE_ENDIAN -Werror -arch i386 -arch ppc -arch x86_64 -arch ppc64 -isysroot /Developer/SDKs/MacOSX10.5.sdk -mmacosx-version-min=10.3 '
CPP='gcc -E'
CPPFLAGS='-s -Wall -O2 -DSLIMPROTO_DEBUG -DINTERACTIVE -DDAEMONIZE -DPORTAUDIO_DEV -DUSE_SIGNALS_FOR_RESTART -isysroot /Developer/SDKs/MacOSX10.5.sdk -arch x86_64'
CXX='g++'
CXXCPP='g++ -E'
CXXFLAGS='-g -O2'
DEFS='-DPACKAGE_NAME=\"\" -DPACKAGE_TARNAME=\"\" -DPACKAGE_VERSION=\"\" -DPACKAGE_STRING=\"\" -DPACKAGE_BUGREPORT=\"\" -DPACKAGE_URL=\"\" -DSTDC_HEADERS=1 -DHAVE_SYS_TYPES_H=1 -DHAVE_SYS_STAT_H=1 -DHAVE_STDLIB_H=1 -DHAVE_STRING_H=1 -DHAVE_MEMORY_H=1 -DHAVE_STRINGS_H=1 -DHAVE_INTTYPES_H=1 -DHAVE_STDINT_H=1 -DHAVE_UNISTD_H=1 -DHAVE_DLFCN_H=1 -DSIZEOF_SHORT=2 -DSIZEOF_INT=4 -DSIZEOF_LONG=8 -DHAVE_NANOSLEEP=1 -DPA_USE_COREAUDIO=1'
DLLTOOL='dlltool'
DLL_LIBS=''
ECHO='/bin/echo'
ECHO_C='\c'
ECHO_N=''
ECHO_T=''
EGREP='/usr/bin/grep -E'
ENABLE_CXX_FALSE=''
ENABLE_CXX_TRUE='#'
EXEEXT=''
F77=''
FFLAGS=''
GREP='/usr/bin/grep'
INSTALL_DATA='${INSTALL} -m 644'
INSTALL_PROGRAM='${INSTALL}'
INSTALL_SCRIPT='${INSTALL}'
JACK_CFLAGS=''
JACK_LIBS=''
LDFLAGS='-Wl,-syslibroot,/Developer/SDKs/MacOSX10.5.sdk -arch x86_64 -mmacosx-version-min=10.5'
LIBOBJS=''
LIBS='-framework CoreAudio -framework AudioToolbox -framework AudioUnit -framework Carbon'
LIBTOOL='$(SHELL) $(top_builddir)/libtool'
LN_S='ln -s'
LTLIBOBJS=''
LT_AGE='0'
LT_CURRENT='2'
LT_REVISION='0'
NASM=''
NASMOPT=''
OBJDUMP='objdump'
OBJEXT='o'
OTHER_OBJS='src/os/unix/pa_unix_hostapis.o src/os/unix/pa_unix_util.o src/hostapi/coreaudio/pa_mac_core.o src/hostapi/coreaudio/pa_mac_core_utilities.o src/hostapi/coreaudio/pa_mac_core_blocking.o src/common/pa_ringbuffer.o'
PACKAGE_BUGREPORT=''
PACKAGE_NAME=''
PACKAGE_STRING=''
PACKAGE_TARNAME=''
PACKAGE_URL=''
PACKAGE_VERSION=''
PADLL='libportaudio.dylib'
PATH_SEPARATOR=':'
PKG_CONFIG='/usr/local/bin/pkg-config'
RANLIB='ranlib'
SHARED_FLAGS='-framework CoreAudio -framework AudioToolbox -framework AudioUnit -framework Carbon -dynamiclib -arch i386 -arch ppc -arch x86_64 -arch ppc64 -isysroot /Developer/SDKs/MacOSX10.5.sdk -mmacosx-version-min=10.3'
SHELL='/bin/sh'
STRIP='strip'
THREAD_CFLAGS=''
WITH_ASIO_FALSE=''
WITH_ASIO_TRUE='@ #'
ac_ct_CC='gcc'
ac_ct_CXX='g++'
ac_ct_F77=''
bindir='${exec_prefix}/bin'
build='i686-apple-darwin10.5.0'
build_alias=''
build_cpu='i686'
build_os='darwin10.5.0'
build_vendor='apple'
datadir='${datarootdir}'
datarootdir='${prefix}/share'
docdir='${datarootdir}/doc/${PACKAGE}'
dvidir='${docdir}'
exec_prefix='${prefix}'
host='i686-apple-darwin10.5.0'
host_alias=''
host_cpu='i686'
host_os='darwin10.5.0'
host_vendor='apple'
htmldir='${docdir}'
includedir='${prefix}/include'
infodir='${datarootdir}/info'
libdir='${exec_prefix}/lib'
libexecdir='${exec_prefix}/libexec'
localedir='${datarootdir}/locale'
localstatedir='${prefix}/var'
mandir='${datarootdir}/man'
oldincludedir='/usr/include'
pdfdir='${docdir}'
prefix='/usr/local'
program_transform_name='s,x,x,'
psdir='${docdir}'
sbindir='${exec_prefix}/sbin'
sharedstatedir='${prefix}/com'
subdirs=''
sysconfdir='${prefix}/etc'
target='i686-apple-darwin10.5.0'
target_alias=''
target_cpu='i686'
target_os='darwin10.5.0'
target_vendor='apple'

## ----------- ##
## confdefs.h. ##
## ----------- ##

/* confdefs.h */
#define PACKAGE_NAME ""
#define PACKAGE_TARNAME ""
#define PACKAGE_VERSION ""
#define PACKAGE_STRING ""
#define PACKAGE_BUGREPORT ""
#define PACKAGE_URL ""
#define STDC_HEADERS 1
#define HAVE_SYS_TYPES_H 1
#define HAVE_SYS_STAT_H 1
#define HAVE_STDLIB_H 1
#define HAVE_STRING_H 1
#define HAVE_MEMORY_H 1
#define HAVE_STRINGS_H 1
#define HAVE_INTTYPES_H 1
#define HAVE_STDINT_H 1
#define HAVE_UNISTD_H 1
#define HAVE_DLFCN_H 1
#define SIZEOF_SHORT 2
#define SIZEOF_INT 4
#define SIZEOF_LONG 8
#define HAVE_NANOSLEEP 1
#define PA_USE_COREAUDIO 1

configure: exit 0
